TN:
SF:app.js
FNF:0
FNH:0
DA:1,1
DA:2,1
DA:3,1
DA:5,1
DA:6,1
DA:7,1
DA:8,1
DA:9,1
DA:11,1
DA:13,1
DA:15,1
DA:16,1
DA:17,1
DA:19,1
DA:20,1
DA:21,1
DA:22,1
DA:23,1
DA:25,1
LF:19
LH:19
BRF:0
BRH:0
end_of_record
TN:
SF:src/config/logger.js
FN:26,(anonymous_0)
FN:35,(anonymous_1)
FNF:2
FNH:2
FNDA:15,(anonymous_0)
FNDA:15,(anonymous_1)
DA:1,5
DA:2,5
DA:3,5
DA:5,5
DA:6,5
DA:9,5
DA:10,1
DA:13,5
DA:15,5
DA:27,15
DA:36,15
DA:42,5
DA:43,5
LF:13
LH:13
BRDA:5,0,0,5
BRDA:5,0,1,2
BRDA:9,1,0,1
BRDA:9,1,1,4
BRDA:16,2,0,1
BRDA:16,2,1,4
BRF:6
BRH:6
end_of_record
TN:
SF:src/controllers/abstract_controller.js
FN:5,(anonymous_0)
FN:6,(anonymous_1)
FN:11,(anonymous_2)
FNF:3
FNH:3
FNDA:14,(anonymous_0)
FNDA:9,(anonymous_1)
FNDA:5,(anonymous_2)
DA:1,1
DA:3,1
DA:6,14
DA:7,9
DA:8,4
DA:10,5
DA:12,5
DA:13,5
LF:8
LH:8
BRDA:7,0,0,4
BRDA:7,0,1,5
BRF:2
BRH:2
end_of_record
TN:
SF:src/controllers/address.js
FN:7,(anonymous_0)
FN:15,(anonymous_1)
FN:16,(anonymous_2)
FN:20,(anonymous_3)
FN:25,(anonymous_4)
FN:29,(anonymous_5)
FNF:6
FNH:1
FNDA:1,(anonymous_0)
FNDA:0,(anonymous_1)
FNDA:0,(anonymous_2)
FNDA:0,(anonymous_3)
FNDA:0,(anonymous_4)
FNDA:0,(anonymous_5)
DA:1,1
DA:2,1
DA:3,1
DA:5,1
DA:8,1
DA:9,1
DA:10,1
DA:12,0
DA:16,0
DA:17,0
DA:18,0
DA:19,0
DA:21,0
DA:22,0
DA:26,0
DA:30,0
LF:16
LH:7
BRDA:9,0,0,1
BRDA:9,0,1,0
BRDA:17,1,0,0
BRDA:17,1,1,0
BRF:4
BRH:1
end_of_record
TN:
SF:src/controllers/country.js
FN:8,(anonymous_0)
FN:16,(anonymous_1)
FN:17,(anonymous_2)
FN:21,(anonymous_3)
FN:27,(anonymous_4)
FN:28,(anonymous_5)
FN:33,(anonymous_6)
FN:39,(anonymous_7)
FN:44,(anonymous_8)
FNF:9
FNH:9
FNDA:5,(anonymous_0)
FNDA:5,(anonymous_1)
FNDA:4,(anonymous_2)
FNDA:1,(anonymous_3)
FNDA:3,(anonymous_4)
FNDA:2,(anonymous_5)
FNDA:1,(anonymous_6)
FNDA:3,(anonymous_7)
FNDA:3,(anonymous_8)
DA:1,1
DA:2,1
DA:3,1
DA:6,1
DA:9,5
DA:10,5
DA:11,1
DA:13,4
DA:17,5
DA:18,4
DA:19,0
DA:20,4
DA:22,1
DA:23,1
DA:28,3
DA:29,2
DA:30,1
DA:32,1
DA:34,1
DA:35,1
DA:40,3
DA:45,3
LF:22
LH:21
BRDA:10,0,0,1
BRDA:10,0,1,4
BRDA:18,1,0,0
BRDA:18,1,1,4
BRDA:29,2,0,1
BRDA:29,2,1,1
BRF:6
BRH:5
end_of_record
TN:
SF:src/controllers/state.js
FN:7,(anonymous_0)
FN:15,(anonymous_1)
FN:16,(anonymous_2)
FN:20,(anonymous_3)
FN:26,(anonymous_4)
FN:30,(anonymous_5)
FN:35,(anonymous_6)
FNF:7
FNH:4
FNDA:4,(anonymous_0)
FNDA:0,(anonymous_1)
FNDA:0,(anonymous_2)
FNDA:0,(anonymous_3)
FNDA:1,(anonymous_4)
FNDA:4,(anonymous_5)
FNDA:3,(anonymous_6)
DA:1,1
DA:2,1
DA:3,1
DA:5,1
DA:8,4
DA:9,4
DA:10,1
DA:12,3
DA:16,0
DA:17,0
DA:18,0
DA:19,0
DA:21,0
DA:22,0
DA:27,1
DA:31,4
DA:36,3
DA:40,1
LF:18
LH:12
BRDA:9,0,0,1
BRDA:9,0,1,3
BRDA:17,1,0,0
BRDA:17,1,1,0
BRF:4
BRH:2
end_of_record
TN:
SF:src/controllers/user.js
FN:6,(anonymous_0)
FN:12,(anonymous_1)
FN:13,(anonymous_2)
FNF:3
FNH:3
FNDA:4,(anonymous_0)
FNDA:1,(anonymous_1)
FNDA:2,(anonymous_2)
DA:1,1
DA:2,1
DA:3,1
DA:5,1
DA:7,4
DA:8,4
DA:9,1
DA:11,3
DA:12,1
DA:14,2
DA:15,2
LF:11
LH:11
BRDA:8,0,0,1
BRDA:8,0,1,3
BRF:2
BRH:2
end_of_record
TN:
SF:src/models/address.js
FN:3,(anonymous_0)
FNF:1
FNH:1
FNDA:7,(anonymous_0)
DA:3,1
DA:4,7
LF:2
LH:2
BRF:0
BRH:0
end_of_record
TN:
SF:src/models/country.js
FN:3,(anonymous_0)
FNF:1
FNH:1
FNDA:7,(anonymous_0)
DA:3,1
DA:4,7
LF:2
LH:2
BRF:0
BRH:0
end_of_record
TN:
SF:src/models/index.js
FN:45,(anonymous_0)
FN:54,(anonymous_1)
FNF:2
FNH:2
FNDA:35,(anonymous_0)
FNDA:6,(anonymous_1)
DA:3,7
DA:4,7
DA:5,7
DA:6,7
DA:7,7
DA:10,7
DA:11,5
DA:16,5
DA:17,5
DA:18,5
DA:19,5
DA:20,5
DA:21,1
DA:23,5
DA:24,1
DA:27,2
DA:30,7
DA:32,7
DA:33,7
DA:34,7
DA:35,7
DA:38,7
DA:39,7
DA:40,7
DA:41,7
DA:42,7
DA:43,7
DA:45,7
DA:46,35
DA:47,7
DA:51,7
DA:52,7
DA:54,7
DA:56,7
LF:34
LH:34
BRDA:4,0,0,7
BRDA:4,0,1,6
BRDA:10,1,0,5
BRDA:10,1,1,2
BRDA:10,2,0,7
BRDA:10,2,1,5
BRDA:16,3,0,1
BRDA:16,3,1,4
BRDA:19,4,0,1
BRDA:19,4,1,4
BRDA:20,5,0,1
BRDA:20,5,1,4
BRDA:23,6,0,1
BRDA:23,6,1,4
BRDA:46,7,0,7
BRDA:46,7,1,28
BRF:16
BRH:16
end_of_record
TN:
SF:src/models/state.js
FN:3,(anonymous_0)
FNF:1
FNH:1
FNDA:7,(anonymous_0)
DA:3,1
DA:4,7
LF:2
LH:2
BRF:0
BRH:0
end_of_record
TN:
SF:src/models/user.js
FN:3,(anonymous_0)
FN:13,(anonymous_1)
FNF:2
FNH:2
FNDA:7,(anonymous_0)
FNDA:7,(anonymous_1)
DA:3,1
DA:4,7
DA:13,7
DA:16,7
LF:4
LH:4
BRF:0
BRH:0
end_of_record
TN:
SF:src/routes/address.js
FNF:0
FNH:0
DA:1,1
DA:2,1
DA:3,1
DA:4,1
DA:6,1
DA:7,1
DA:8,1
DA:10,1
LF:8
LH:8
BRF:0
BRH:0
end_of_record
TN:
SF:src/routes/country.js
FN:6,(anonymous_0)
FN:10,(anonymous_1)
FN:14,(anonymous_2)
FN:18,(anonymous_3)
FNF:4
FNH:4
FNDA:4,(anonymous_0)
FNDA:2,(anonymous_1)
FNDA:2,(anonymous_2)
FNDA:2,(anonymous_3)
DA:1,1
DA:2,1
DA:3,1
DA:4,1
DA:6,1
DA:7,4
DA:10,1
DA:11,2
DA:14,1
DA:15,2
DA:18,1
DA:19,2
DA:22,1
LF:13
LH:13
BRF:0
BRH:0
end_of_record
TN:
SF:src/routes/index.js
FN:5,(anonymous_0)
FNF:1
FNH:1
FNDA:1,(anonymous_0)
DA:1,1
DA:2,1
DA:5,1
DA:6,1
DA:9,1
LF:5
LH:5
BRF:0
BRH:0
end_of_record
TN:
SF:src/routes/state.js
FN:6,(anonymous_0)
FN:10,(anonymous_1)
FN:14,(anonymous_2)
FN:18,(anonymous_3)
FNF:4
FNH:3
FNDA:0,(anonymous_0)
FNDA:1,(anonymous_1)
FNDA:2,(anonymous_2)
FNDA:2,(anonymous_3)
DA:1,1
DA:2,1
DA:3,1
DA:4,1
DA:6,1
DA:7,0
DA:10,1
DA:11,1
DA:14,1
DA:15,2
DA:18,1
DA:19,2
DA:22,1
LF:13
LH:12
BRF:0
BRH:0
end_of_record
TN:
SF:src/routes/users.js
FN:16,(anonymous_0)
FNF:1
FNH:1
FNDA:4,(anonymous_0)
DA:1,1
DA:2,1
DA:3,1
DA:4,1
DA:6,1
DA:17,4
DA:20,1
LF:7
LH:7
BRF:0
BRH:0
end_of_record
