TN:
SF:app.js
FNF:0
FNH:0
DA:1,1
DA:2,1
DA:3,1
DA:5,1
DA:6,1
DA:8,1
DA:10,1
DA:11,1
DA:12,1
DA:14,1
DA:15,1
DA:17,1
LF:12
LH:12
BRF:0
BRH:0
end_of_record
TN:
SF:config/logger.js
FN:26,(anonymous_0)
FN:35,(anonymous_1)
FNF:2
FNH:2
FNDA:6,(anonymous_0)
FNDA:6,(anonymous_1)
DA:1,5
DA:2,5
DA:3,5
DA:5,5
DA:6,5
DA:9,5
DA:10,1
DA:13,5
DA:15,5
DA:27,6
DA:36,6
DA:42,5
DA:43,5
LF:13
LH:13
BRDA:5,0,0,5
BRDA:5,0,1,2
BRDA:9,1,0,1
BRDA:9,1,1,4
BRDA:16,2,0,1
BRDA:16,2,1,4
BRF:6
BRH:6
end_of_record
TN:
SF:controllers/user.js
FN:6,(anonymous_0)
FN:12,(anonymous_1)
FN:13,(anonymous_2)
FNF:3
FNH:3
FNDA:4,(anonymous_0)
FNDA:1,(anonymous_1)
FNDA:2,(anonymous_2)
DA:1,1
DA:2,1
DA:3,1
DA:5,1
DA:7,4
DA:8,4
DA:9,1
DA:11,3
DA:12,1
DA:14,2
DA:15,2
LF:11
LH:11
BRDA:8,0,0,1
BRDA:8,0,1,3
BRF:2
BRH:2
end_of_record
TN:
SF:models/index.js
FN:33,(anonymous_0)
FN:42,(anonymous_1)
FNF:2
FNH:2
FNDA:12,(anonymous_0)
FNDA:4,(anonymous_1)
DA:3,6
DA:4,6
DA:5,6
DA:6,6
DA:7,6
DA:10,6
DA:11,4
DA:16,4
DA:17,4
DA:18,4
DA:19,4
DA:20,4
DA:21,1
DA:24,2
DA:27,6
DA:29,6
DA:31,6
DA:33,6
DA:34,12
DA:35,6
DA:39,6
DA:40,6
DA:42,6
DA:44,6
LF:24
LH:24
BRDA:4,0,0,6
BRDA:4,0,1,5
BRDA:10,1,0,4
BRDA:10,1,1,2
BRDA:10,2,0,6
BRDA:10,2,1,4
BRDA:16,3,0,1
BRDA:16,3,1,3
BRDA:19,4,0,1
BRDA:19,4,1,3
BRDA:20,5,0,1
BRDA:20,5,1,3
BRDA:34,6,0,6
BRDA:34,6,1,6
BRF:14
BRH:14
end_of_record
TN:
SF:models/user.js
FN:3,(anonymous_0)
FN:13,(anonymous_1)
FNF:2
FNH:2
FNDA:6,(anonymous_0)
FNDA:6,(anonymous_1)
DA:3,1
DA:4,6
DA:13,6
DA:16,6
LF:4
LH:4
BRF:0
BRH:0
end_of_record
TN:
SF:routes/index.js
FN:5,(anonymous_0)
FNF:1
FNH:1
FNDA:1,(anonymous_0)
DA:1,1
DA:2,1
DA:5,1
DA:6,1
DA:9,1
LF:5
LH:5
BRF:0
BRH:0
end_of_record
TN:
SF:routes/users.js
FN:16,(anonymous_0)
FNF:1
FNH:1
FNDA:4,(anonymous_0)
DA:1,1
DA:2,1
DA:3,1
DA:4,1
DA:6,1
DA:17,4
DA:20,1
LF:7
LH:7
BRF:0
BRH:0
end_of_record
